<?xml version="1.0" encoding="UTF-8"?>
<!-- Generated by org.testng.reporters.JUnitXMLReporter -->
<testsuite hostname="DESKTOP-AF85ST1" ignored="0" name="Sample test" tests="6" failures="0" timestamp="14 May 2020 02:33:55 GMT" time="201.999" errors="0">
  <testcase name="validTeacherSignUp" time="27.435" classname="com.training.sanity.tests.LoginTests"/>
  <testcase name="validLoginTest" time="9.217" classname="com.training.sanity.tests.LoginTests"/>
  <testcase name="validForgetPassword" time="9.758" classname="com.training.sanity.tests.LoginTests"/>
  <testcase name="ELTC_036" time="21.977" classname="com.training.sanity.tests.LoginTestsMedium"/>
  <testcase name="ELTC_037" time="23.254" classname="com.training.sanity.tests.LoginTestsMedium"/>
  <testcase name="ELTC_039" time="22.031" classname="com.training.sanity.tests.LoginTestsMedium"/>
</testsuite> <!-- Sample test -->
