<?xml version="1.0" encoding="UTF-8"?>
<!-- Generated by org.testng.reporters.JUnitXMLReporter -->
<testsuite hostname="DESKTOP-AF85ST1" ignored="0" name="Sample test" tests="6" failures="0" timestamp="14 May 2020 02:25:44 GMT" time="191.175" errors="0">
  <testcase name="validTeacherSignUp" time="15.978" classname="com.training.sanity.tests.LoginTests"/>
  <testcase name="validLoginTest" time="8.996" classname="com.training.sanity.tests.LoginTests"/>
  <testcase name="validForgetPassword" time="8.689" classname="com.training.sanity.tests.LoginTests"/>
  <testcase name="ELTC_036" time="26.737" classname="com.training.sanity.tests.LoginTestsMedium"/>
  <testcase name="ELTC_037" time="21.124" classname="com.training.sanity.tests.LoginTestsMedium"/>
  <testcase name="ELTC_039" time="25.654" classname="com.training.sanity.tests.LoginTestsMedium"/>
</testsuite> <!-- Sample test -->
