<?xml version="1.0" encoding="UTF-8"?>
<!-- Generated by org.testng.reporters.JUnitXMLReporter -->
<testsuite hostname="DESKTOP-AF85ST1" ignored="0" name="Default test" tests="3" failures="0" timestamp="08 May 2020 17:43:47 GMT" time="85.735" errors="0">
  <testcase name="validTeacherSignUp" time="16.287" classname="com.training.sanity.tests.LoginTests"/>
  <testcase name="validLoginTest" time="10.985" classname="com.training.sanity.tests.LoginTests"/>
  <testcase name="validForgetPassword" time="9.351" classname="com.training.sanity.tests.LoginTests"/>
</testsuite> <!-- Default test -->
