<?xml version="1.0" encoding="UTF-8"?>
<!-- Generated by org.testng.reporters.JUnitXMLReporter -->
<testsuite hostname="DESKTOP-AF85ST1" ignored="0" name="Default test" tests="3" failures="0" timestamp="08 May 2020 01:38:14 GMT" time="107.538" errors="0">
  <testcase name="validTeacherSignUp" time="16.811" classname="com.training.sanity.tests.LoginTests"/>
  <testcase name="validLoginTest" time="9.831" classname="com.training.sanity.tests.LoginTests"/>
  <testcase name="validForgetPassword" time="10.345" classname="com.training.sanity.tests.LoginTests"/>
</testsuite> <!-- Default test -->
