<?xml version="1.0" encoding="UTF-8"?>
<testng-results skipped="0" failed="0" ignored="0" total="3" passed="3">
  <reporter-output>
  </reporter-output>
  <suite name="Default suite" duration-ms="73111" started-at="2020-05-08T18:17:56Z" finished-at="2020-05-08T18:19:09Z">
    <groups>
    </groups>
    <test name="Default test" duration-ms="73111" started-at="2020-05-08T18:17:56Z" finished-at="2020-05-08T18:19:09Z">
      <class name="com.training.sanity.tests.LoginTests">
        <test-method status="PASS" signature="setUpBeforeClass()[pri:0, instance:com.training.sanity.tests.LoginTests@482f8f11]" name="setUpBeforeClass" is-config="true" duration-ms="19" started-at="2020-05-08T14:17:56Z" finished-at="2020-05-08T14:17:56Z">
          <reporter-output>
          </reporter-output>
        </test-method> <!-- setUpBeforeClass -->
        <test-method status="PASS" signature="setUp()[pri:0, instance:com.training.sanity.tests.LoginTests@482f8f11]" name="setUp" is-config="true" duration-ms="12688" started-at="2020-05-08T14:17:56Z" finished-at="2020-05-08T14:18:09Z">
          <reporter-output>
          </reporter-output>
        </test-method> <!-- setUp -->
        <test-method status="PASS" signature="validTeacherSignUp()[pri:0, instance:com.training.sanity.tests.LoginTests@482f8f11]" name="validTeacherSignUp" duration-ms="14839" started-at="2020-05-08T14:18:09Z" finished-at="2020-05-08T14:18:24Z">
          <reporter-output>
          </reporter-output>
        </test-method> <!-- validTeacherSignUp -->
        <test-method status="PASS" signature="tearDown()[pri:0, instance:com.training.sanity.tests.LoginTests@482f8f11]" name="tearDown" is-config="true" duration-ms="1740" started-at="2020-05-08T14:18:24Z" finished-at="2020-05-08T14:18:25Z">
          <reporter-output>
          </reporter-output>
        </test-method> <!-- tearDown -->
        <test-method status="PASS" signature="setUp()[pri:0, instance:com.training.sanity.tests.LoginTests@482f8f11]" name="setUp" is-config="true" duration-ms="11485" started-at="2020-05-08T14:18:26Z" finished-at="2020-05-08T14:18:37Z">
          <reporter-output>
          </reporter-output>
        </test-method> <!-- setUp -->
        <test-method status="PASS" signature="validLoginTest()[pri:1, instance:com.training.sanity.tests.LoginTests@482f8f11]" name="validLoginTest" duration-ms="8632" started-at="2020-05-08T14:18:37Z" finished-at="2020-05-08T14:18:46Z">
          <reporter-output>
          </reporter-output>
        </test-method> <!-- validLoginTest -->
        <test-method status="PASS" signature="tearDown()[pri:0, instance:com.training.sanity.tests.LoginTests@482f8f11]" name="tearDown" is-config="true" duration-ms="1745" started-at="2020-05-08T14:18:46Z" finished-at="2020-05-08T14:18:47Z">
          <reporter-output>
          </reporter-output>
        </test-method> <!-- tearDown -->
        <test-method status="PASS" signature="setUp()[pri:0, instance:com.training.sanity.tests.LoginTests@482f8f11]" name="setUp" is-config="true" duration-ms="11569" started-at="2020-05-08T14:18:47Z" finished-at="2020-05-08T14:18:59Z">
          <reporter-output>
          </reporter-output>
        </test-method> <!-- setUp -->
        <test-method status="PASS" signature="validForgetPassword()[pri:2, instance:com.training.sanity.tests.LoginTests@482f8f11]" name="validForgetPassword" duration-ms="8611" started-at="2020-05-08T14:18:59Z" finished-at="2020-05-08T14:19:08Z">
          <reporter-output>
          </reporter-output>
        </test-method> <!-- validForgetPassword -->
        <test-method status="PASS" signature="tearDown()[pri:0, instance:com.training.sanity.tests.LoginTests@482f8f11]" name="tearDown" is-config="true" duration-ms="1753" started-at="2020-05-08T14:19:08Z" finished-at="2020-05-08T14:19:09Z">
          <reporter-output>
          </reporter-output>
        </test-method> <!-- tearDown -->
      </class> <!-- com.training.sanity.tests.LoginTests -->
    </test> <!-- Default test -->
  </suite> <!-- Default suite -->
</testng-results>
